[32m[2020-11-03 00:48:23,249] [INFO]- handle_bar() @ 20160104[0m
[32m[2020-11-03 00:48:23,347] [INFO]- handle_bar() @ 20160105[0m
[32m[2020-11-03 00:48:23,408] [INFO]- handle_bar() @ 20160106[0m
[32m[2020-11-03 00:48:23,471] [INFO]- handle_bar() @ 20160107[0m
[32m[2020-11-03 00:48:23,546] [INFO]- handle_bar() @ 20160108[0m
[32m[2020-11-03 00:48:23,620] [INFO]- handle_bar() @ 20160111[0m
[32m[2020-11-03 00:48:23,686] [INFO]- handle_bar() @ 20160112[0m
[32m[2020-11-03 00:48:23,744] [INFO]- handle_bar() @ 20160113[0m
[32m[2020-11-03 00:48:23,820] [INFO]- handle_bar() @ 20160114[0m
[32m[2020-11-03 00:48:23,883] [INFO]- handle_bar() @ 20160115[0m
[32m[2020-11-03 00:48:23,982] [INFO]- handle_bar() @ 20160118[0m
[32m[2020-11-03 00:48:24,071] [INFO]- handle_bar() @ 20160119[0m
[32m[2020-11-03 00:48:24,157] [INFO]- handle_bar() @ 20160120[0m
[32m[2020-11-03 00:48:24,248] [INFO]- handle_bar() @ 20160121[0m
[32m[2020-11-03 00:48:24,326] [INFO]- handle_bar() @ 20160122[0m
[32m[2020-11-03 00:48:24,387] [INFO]- handle_bar() @ 20160125[0m
[32m[2020-11-03 00:48:24,439] [INFO]- handle_bar() @ 20160126[0m
[32m[2020-11-03 00:48:24,507] [INFO]- handle_bar() @ 20160127[0m
[32m[2020-11-03 00:48:24,557] [INFO]- handle_bar() @ 20160128[0m
[32m[2020-11-03 00:48:24,610] [INFO]- handle_bar() @ 20160129[0m
[32m[2020-11-03 00:48:24,662] [INFO]- handle_bar() @ 20160201[0m
[32m[2020-11-03 00:48:24,711] [INFO]- handle_bar() @ 20160202[0m
[32m[2020-11-03 00:48:24,787] [INFO]- handle_bar() @ 20160203[0m
[32m[2020-11-03 00:48:24,825] [INFO]- -- 资金账号 acc0 发出委托买入 002475.SZ 300 股，委托价为 27.98[0m
[32m[2020-11-03 00:48:24,840] [INFO]- -- 002475.SZ 的委托单 order_36748015 当前状态是 Status.NOT_TRADED[0m
[32m[2020-11-03 00:48:24,844] [INFO]- -- 002475.SZ 的委托单 order_36748015 当前状态是 Status.ALL_TRADED[0m
[32m[2020-11-03 00:48:24,845] [INFO]- -- 002475.SZ 的委托单 order_36748015 于 20160204 成交，成交价为 27.99[0m
[32m[2020-11-03 00:48:24,845] [INFO]- -- 002475.SZ 的委托单 order_36748015 已成交，如有必要请立即添加止损止盈[0m
[32m[2020-11-03 00:48:24,850] [INFO]- handle_bar() @ 20160204[0m
[32m[2020-11-03 00:48:24,919] [INFO]- handle_bar() @ 20160205[0m
[32m[2020-11-03 00:48:25,001] [INFO]- handle_bar() @ 20160215[0m
[32m[2020-11-03 00:48:25,036] [INFO]- -- 资金账号 acc0 发出委托买入 000540.SZ 300 股，委托价为 6.95[0m
[32m[2020-11-03 00:48:25,063] [INFO]- -- 资金账号 acc0 发出委托买入 600372.SH 300 股，委托价为 19.59[0m
[32m[2020-11-03 00:48:25,072] [INFO]- -- 000540.SZ 的委托单 order_43728590 当前状态是 Status.NOT_TRADED[0m
[32m[2020-11-03 00:48:25,073] [INFO]- -- 600372.SH 的委托单 order_35908261 当前状态是 Status.NOT_TRADED[0m
[32m[2020-11-03 00:48:25,077] [INFO]- -- 000540.SZ 的委托单 order_43728590 当前状态是 Status.ALL_TRADED[0m
[32m[2020-11-03 00:48:25,078] [INFO]- -- 000540.SZ 的委托单 order_43728590 于 20160216 成交，成交价为 6.96[0m
[32m[2020-11-03 00:48:25,079] [INFO]- -- 000540.SZ 的委托单 order_43728590 已成交，如有必要请立即添加止损止盈[0m
[32m[2020-11-03 00:48:25,081] [INFO]- -- 600372.SH 的委托单 order_35908261 当前状态是 Status.ALL_TRADED[0m
[32m[2020-11-03 00:48:25,082] [INFO]- -- 600372.SH 的委托单 order_35908261 于 20160216 成交，成交价为 19.6[0m
[32m[2020-11-03 00:48:25,084] [INFO]- -- 600372.SH 的委托单 order_35908261 已成交，如有必要请立即添加止损止盈[0m
[32m[2020-11-03 00:48:25,092] [INFO]- handle_bar() @ 20160216[0m
[32m[2020-11-03 00:48:25,159] [INFO]- -- 资金账号 acc0 发出委托买入 000778.SZ 300 股，委托价为 5.08[0m
[32m[2020-11-03 00:48:25,189] [INFO]- -- 000778.SZ 的委托单 order_02589417 当前状态是 Status.NOT_TRADED[0m
[32m[2020-11-03 00:48:25,196] [INFO]- -- 000778.SZ 的委托单 order_02589417 当前状态是 Status.ALL_TRADED[0m
[32m[2020-11-03 00:48:25,198] [INFO]- -- 000778.SZ 的委托单 order_02589417 于 20160217 成交，成交价为 5.07[0m
[32m[2020-11-03 00:48:25,199] [INFO]- -- 000778.SZ 的委托单 order_02589417 已成交，如有必要请立即添加止损止盈[0m
[32m[2020-11-03 00:48:25,207] [INFO]- handle_bar() @ 20160217[0m
[32m[2020-11-03 00:48:25,311] [INFO]- handle_bar() @ 20160218[0m
[32m[2020-11-03 00:48:25,425] [INFO]- handle_bar() @ 20160219[0m
[32m[2020-11-03 00:48:25,451] [INFO]- -- 资金账号 acc0 发出委托买入 601258.SH 300 股，委托价为 2.98[0m
[32m[2020-11-03 00:48:25,460] [INFO]- -- 资金账号 acc0 发出委托买入 601009.SH 300 股，委托价为 15.04[0m
[32m[2020-11-03 00:48:25,493] [INFO]- -- 资金账号 acc0 发出委托买入 601919.SH 300 股，委托价为 6.22[0m
[32m[2020-11-03 00:48:25,504] [INFO]- -- 601258.SH 的委托单 order_15970864 当前状态是 Status.NOT_TRADED[0m
[32m[2020-11-03 00:48:25,505] [INFO]- -- 601009.SH 的委托单 order_35947826 当前状态是 Status.NOT_TRADED[0m
[32m[2020-11-03 00:48:25,506] [INFO]- -- 601919.SH 的委托单 order_17293685 当前状态是 Status.NOT_TRADED[0m
[32m[2020-11-03 00:48:25,510] [INFO]- -- 601258.SH 的委托单 order_15970864 当前状态是 Status.ALL_TRADED[0m
[32m[2020-11-03 00:48:25,511] [INFO]- -- 601258.SH 的委托单 order_15970864 于 20160222 成交，成交价为 2.99[0m
[32m[2020-11-03 00:48:25,512] [INFO]- -- 601258.SH 的委托单 order_15970864 已成交，如有必要请立即添加止损止盈[0m
[32m[2020-11-03 00:48:25,513] [INFO]- -- 601009.SH 的委托单 order_35947826 当前状态是 Status.ALL_TRADED[0m
[32m[2020-11-03 00:48:25,513] [INFO]- -- 601009.SH 的委托单 order_35947826 于 20160222 成交，成交价为 15.05[0m
[32m[2020-11-03 00:48:25,514] [INFO]- -- 601009.SH 的委托单 order_35947826 已成交，如有必要请立即添加止损止盈[0m
[32m[2020-11-03 00:48:25,515] [INFO]- -- 601919.SH 的委托单 order_17293685 当前状态是 Status.ALL_TRADED[0m
[32m[2020-11-03 00:48:25,516] [INFO]- -- 601919.SH 的委托单 order_17293685 于 20160222 成交，成交价为 6.23[0m
[32m[2020-11-03 00:48:25,517] [INFO]- -- 601919.SH 的委托单 order_17293685 已成交，如有必要请立即添加止损止盈[0m
[32m[2020-11-03 00:48:25,522] [INFO]- handle_bar() @ 20160222[0m
[32m[2020-11-03 00:48:25,587] [INFO]- -- 资金账号 acc0 发出委托买入 000729.SZ 300 股，委托价为 7.05[0m
[32m[2020-11-03 00:48:25,611] [INFO]- -- 资金账号 acc0 发出委托买入 601901.SH 300 股，委托价为 7.3[0m
[32m[2020-11-03 00:48:25,613] [INFO]- -- 000729.SZ 的委托单 order_20856713 当前状态是 Status.NOT_TRADED[0m
[32m[2020-11-03 00:48:25,614] [INFO]- -- 601901.SH 的委托单 order_53016728 当前状态是 Status.NOT_TRADED[0m
[32m[2020-11-03 00:48:25,619] [INFO]- -- 000729.SZ 的委托单 order_20856713 当前状态是 Status.ALL_TRADED[0m
[32m[2020-11-03 00:48:25,621] [INFO]- -- 000729.SZ 的委托单 order_20856713 于 20160223 成交，成交价为 7.06[0m
[32m[2020-11-03 00:48:25,622] [INFO]- -- 000729.SZ 的委托单 order_20856713 已成交，如有必要请立即添加止损止盈[0m
[32m[2020-11-03 00:48:25,624] [INFO]- -- 601901.SH 的委托单 order_53016728 当前状态是 Status.ALL_TRADED[0m
[32m[2020-11-03 00:48:25,624] [INFO]- -- 601901.SH 的委托单 order_53016728 于 20160223 成交，成交价为 7.31[0m
[32m[2020-11-03 00:48:25,625] [INFO]- -- 601901.SH 的委托单 order_53016728 已成交，如有必要请立即添加止损止盈[0m
[32m[2020-11-03 00:48:25,631] [INFO]- handle_bar() @ 20160223[0m
[32m[2020-11-03 00:48:25,708] [INFO]- -- 资金账号 acc0 发出委托买入 000883.SZ 300 股，委托价为 4.64[0m
[32m[2020-11-03 00:48:25,749] [INFO]- -- 000883.SZ 的委托单 order_54709328 当前状态是 Status.NOT_TRADED[0m
[32m[2020-11-03 00:48:25,754] [INFO]- -- 000883.SZ 的委托单 order_54709328 当前状态是 Status.ALL_TRADED[0m
[32m[2020-11-03 00:48:25,755] [INFO]- -- 000883.SZ 的委托单 order_54709328 于 20160224 成交，成交价为 4.61[0m
[32m[2020-11-03 00:48:25,756] [INFO]- -- 000883.SZ 的委托单 order_54709328 已成交，如有必要请立即添加止损止盈[0m
[32m[2020-11-03 00:48:25,762] [INFO]- handle_bar() @ 20160224[0m
[32m[2020-11-03 00:48:25,915] [INFO]- handle_bar() @ 20160225[0m
[32m[2020-11-03 00:48:26,048] [INFO]- handle_bar() @ 20160226[0m
[32m[2020-11-03 00:48:26,183] [INFO]- handle_bar() @ 20160229[0m
[32m[2020-11-03 00:48:26,197] [INFO]- -- 资金账号 acc0 发出委托卖出 000540.SZ 300 股，委托价为 6.3[0m
[32m[2020-11-03 00:48:26,205] [INFO]- -- 资金账号 acc0 发出委托卖出 600372.SH 300 股，委托价为 17.18[0m
[32m[2020-11-03 00:48:26,243] [INFO]- -- 资金账号 acc0 发出委托卖出 601901.SH 300 股，委托价为 6.37[0m
[32m[2020-11-03 00:48:26,249] [INFO]- -- 资金账号 acc0 发出委托卖出 000883.SZ 300 股，委托价为 4.15[0m
[32m[2020-11-03 00:48:26,320] [INFO]- -- 000540.SZ 的委托单 order_47396582 当前状态是 Status.NOT_TRADED[0m
[32m[2020-11-03 00:48:26,321] [INFO]- -- 600372.SH 的委托单 order_01593246 当前状态是 Status.NOT_TRADED[0m
[32m[2020-11-03 00:48:26,322] [INFO]- -- 601901.SH 的委托单 order_70834951 当前状态是 Status.NOT_TRADED[0m
[32m[2020-11-03 00:48:26,323] [INFO]- -- 000883.SZ 的委托单 order_19476058 当前状态是 Status.NOT_TRADED[0m
[32m[2020-11-03 00:48:26,327] [INFO]- -- 000540.SZ 的委托单 order_47396582 当前状态是 Status.ALL_TRADED[0m
[32m[2020-11-03 00:48:26,328] [INFO]- -- 000540.SZ 的委托单 order_47396582 于 20160301 成交，成交价为 6.39[0m
[32m[2020-11-03 00:48:26,329] [INFO]- -- 000540.SZ 的委托单 order_47396582 已成交，如有必要请立即添加止损止盈[0m
[32m[2020-11-03 00:48:26,331] [INFO]- -- 600372.SH 的委托单 order_01593246 当前状态是 Status.ALL_TRADED[0m
[32m[2020-11-03 00:48:26,332] [INFO]- -- 600372.SH 的委托单 order_01593246 于 20160301 成交，成交价为 17.24[0m
[32m[2020-11-03 00:48:26,333] [INFO]- -- 600372.SH 的委托单 order_01593246 已成交，如有必要请立即添加止损止盈[0m
[32m[2020-11-03 00:48:26,335] [INFO]- -- 601901.SH 的委托单 order_70834951 当前状态是 Status.ALL_TRADED[0m
[32m[2020-11-03 00:48:26,336] [INFO]- -- 601901.SH 的委托单 order_70834951 于 20160301 成交，成交价为 6.38[0m
[32m[2020-11-03 00:48:26,338] [INFO]- -- 601901.SH 的委托单 order_70834951 已成交，如有必要请立即添加止损止盈[0m
[32m[2020-11-03 00:48:26,340] [INFO]- -- 000883.SZ 的委托单 order_19476058 当前状态是 Status.ALL_TRADED[0m
[32m[2020-11-03 00:48:26,342] [INFO]- -- 000883.SZ 的委托单 order_19476058 于 20160301 成交，成交价为 4.17[0m
[32m[2020-11-03 00:48:26,343] [INFO]- -- 000883.SZ 的委托单 order_19476058 已成交，如有必要请立即添加止损止盈[0m
[32m[2020-11-03 00:48:26,347] [INFO]- handle_bar() @ 20160301[0m
[32m[2020-11-03 00:48:26,356] [INFO]- -- 资金账号 acc0 发出委托卖出 002475.SZ 300 股，委托价为 28.63[0m
[32m[2020-11-03 00:48:26,383] [INFO]- -- 资金账号 acc0 发出委托卖出 601258.SH 300 股，委托价为 2.76[0m
[32m[2020-11-03 00:48:26,403] [INFO]- -- 资金账号 acc0 发出委托卖出 000729.SZ 300 股，委托价为 6.57[0m
[32m[2020-11-03 00:48:26,482] [INFO]- -- 002475.SZ 的委托单 order_98325074 当前状态是 Status.NOT_TRADED[0m
[32m[2020-11-03 00:48:26,484] [INFO]- -- 601258.SH 的委托单 order_32471895 当前状态是 Status.NOT_TRADED[0m
[32m[2020-11-03 00:48:26,485] [INFO]- -- 000729.SZ 的委托单 order_80372914 当前状态是 Status.NOT_TRADED[0m
[32m[2020-11-03 00:48:26,494] [INFO]- -- 002475.SZ 的委托单 order_98325074 当前状态是 Status.ALL_TRADED[0m
[32m[2020-11-03 00:48:26,495] [INFO]- -- 002475.SZ 的委托单 order_98325074 于 20160302 成交，成交价为 28.62[0m
[32m[2020-11-03 00:48:26,496] [INFO]- -- 002475.SZ 的委托单 order_98325074 已成交，如有必要请立即添加止损止盈[0m
[32m[2020-11-03 00:48:26,500] [INFO]- -- 601258.SH 的委托单 order_32471895 当前状态是 Status.ALL_TRADED[0m
[32m[2020-11-03 00:48:26,502] [INFO]- -- 601258.SH 的委托单 order_32471895 于 20160302 成交，成交价为 2.75[0m
[32m[2020-11-03 00:48:26,503] [INFO]- -- 601258.SH 的委托单 order_32471895 已成交，如有必要请立即添加止损止盈[0m
[32m[2020-11-03 00:48:26,505] [INFO]- -- 000729.SZ 的委托单 order_80372914 当前状态是 Status.ALL_TRADED[0m
[32m[2020-11-03 00:48:26,506] [INFO]- -- 000729.SZ 的委托单 order_80372914 于 20160302 成交，成交价为 6.57[0m
[32m[2020-11-03 00:48:26,507] [INFO]- -- 000729.SZ 的委托单 order_80372914 已成交，如有必要请立即添加止损止盈[0m
[32m[2020-11-03 00:48:26,511] [INFO]- handle_bar() @ 20160302[0m
[32m[2020-11-03 00:48:26,538] [INFO]- -- 资金账号 acc0 发出委托卖出 601009.SH 300 股，委托价为 15.29[0m
[32m[2020-11-03 00:48:26,619] [INFO]- -- 601009.SH 的委托单 order_87410953 当前状态是 Status.NOT_TRADED[0m
[32m[2020-11-03 00:48:26,624] [INFO]- -- 601009.SH 的委托单 order_87410953 当前状态是 Status.ALL_TRADED[0m
[32m[2020-11-03 00:48:26,625] [INFO]- -- 601009.SH 的委托单 order_87410953 于 20160303 成交，成交价为 15.28[0m
[32m[2020-11-03 00:48:26,626] [INFO]- -- 601009.SH 的委托单 order_87410953 已成交，如有必要请立即添加止损止盈[0m
[32m[2020-11-03 00:48:26,631] [INFO]- handle_bar() @ 20160303[0m
[32m[2020-11-03 00:48:26,696] [INFO]- -- 资金账号 acc0 发出委托买入 002475.SZ 300 股，委托价为 30.02[0m
[32m[2020-11-03 00:48:26,713] [INFO]- -- 002475.SZ 的委托单 order_93184056 当前状态是 Status.NOT_TRADED[0m
[32m[2020-11-03 00:48:26,718] [INFO]- -- 002475.SZ 的委托单 order_93184056 当前状态是 Status.ALL_TRADED[0m
[32m[2020-11-03 00:48:26,719] [INFO]- -- 002475.SZ 的委托单 order_93184056 于 20160304 成交，成交价为 30.03[0m
[32m[2020-11-03 00:48:26,720] [INFO]- -- 002475.SZ 的委托单 order_93184056 已成交，如有必要请立即添加止损止盈[0m
[32m[2020-11-03 00:48:26,725] [INFO]- handle_bar() @ 20160304[0m
[32m[2020-11-03 00:48:26,752] [INFO]- -- 资金账号 acc0 发出委托买入 601009.SH 300 股，委托价为 15.92[0m
[32m[2020-11-03 00:48:26,809] [INFO]- -- 601009.SH 的委托单 order_94351276 当前状态是 Status.NOT_TRADED[0m
[32m[2020-11-03 00:48:26,813] [INFO]- -- 601009.SH 的委托单 order_94351276 当前状态是 Status.ALL_TRADED[0m
[32m[2020-11-03 00:48:26,813] [INFO]- -- 601009.SH 的委托单 order_94351276 于 20160307 成交，成交价为 15.89[0m
[32m[2020-11-03 00:48:26,815] [INFO]- -- 601009.SH 的委托单 order_94351276 已成交，如有必要请立即添加止损止盈[0m
[32m[2020-11-03 00:48:26,821] [INFO]- handle_bar() @ 20160307[0m
[32m[2020-11-03 00:48:26,867] [INFO]- -- 资金账号 acc0 发出委托买入 000540.SZ 300 股，委托价为 7.27[0m
[32m[2020-11-03 00:48:26,912] [INFO]- -- 资金账号 acc0 发出委托买入 601901.SH 300 股，委托价为 7.17[0m
[32m[2020-11-03 00:48:26,913] [INFO]- -- 000540.SZ 的委托单 order_81409357 当前状态是 Status.NOT_TRADED[0m
[32m[2020-11-03 00:48:26,914] [INFO]- -- 601901.SH 的委托单 order_78234560 当前状态是 Status.NOT_TRADED[0m
[32m[2020-11-03 00:48:26,920] [INFO]- -- 000540.SZ 的委托单 order_81409357 当前状态是 Status.ALL_TRADED[0m
[32m[2020-11-03 00:48:26,922] [INFO]- -- 000540.SZ 的委托单 order_81409357 于 20160308 成交，成交价为 7.21[0m
[32m[2020-11-03 00:48:26,923] [INFO]- -- 000540.SZ 的委托单 order_81409357 已成交，如有必要请立即添加止损止盈[0m
[32m[2020-11-03 00:48:26,924] [INFO]- -- 601901.SH 的委托单 order_78234560 当前状态是 Status.ALL_TRADED[0m
[32m[2020-11-03 00:48:26,925] [INFO]- -- 601901.SH 的委托单 order_78234560 于 20160308 成交，成交价为 7.11[0m
[32m[2020-11-03 00:48:26,927] [INFO]- -- 601901.SH 的委托单 order_78234560 已成交，如有必要请立即添加止损止盈[0m
[32m[2020-11-03 00:48:26,931] [INFO]- handle_bar() @ 20160308[0m
[32m[2020-11-03 00:48:26,983] [INFO]- -- 资金账号 acc0 发出委托买入 601258.SH 300 股，委托价为 2.91[0m
[32m[2020-11-03 00:48:27,006] [INFO]- -- 资金账号 acc0 发出委托买入 000729.SZ 300 股，委托价为 6.9[0m
[32m[2020-11-03 00:48:27,034] [INFO]- -- 601258.SH 的委托单 order_97342810 当前状态是 Status.NOT_TRADED[0m
[32m[2020-11-03 00:48:27,035] [INFO]- -- 000729.SZ 的委托单 order_17625380 当前状态是 Status.NOT_TRADED[0m
[32m[2020-11-03 00:48:27,040] [INFO]- -- 601258.SH 的委托单 order_97342810 当前状态是 Status.ALL_TRADED[0m
[32m[2020-11-03 00:48:27,041] [INFO]- -- 601258.SH 的委托单 order_97342810 于 20160309 成交，成交价为 2.86[0m
[32m[2020-11-03 00:48:27,043] [INFO]- -- 601258.SH 的委托单 order_97342810 已成交，如有必要请立即添加止损止盈[0m
[32m[2020-11-03 00:48:27,044] [INFO]- -- 000729.SZ 的委托单 order_17625380 当前状态是 Status.ALL_TRADED[0m
[32m[2020-11-03 00:48:27,045] [INFO]- -- 000729.SZ 的委托单 order_17625380 于 20160309 成交，成交价为 6.82[0m
[32m[2020-11-03 00:48:27,046] [INFO]- -- 000729.SZ 的委托单 order_17625380 已成交，如有必要请立即添加止损止盈[0m
[32m[2020-11-03 00:48:27,051] [INFO]- handle_bar() @ 20160309[0m
[32m[2020-11-03 00:48:27,097] [INFO]- *** 事前风控未通过，委托单不发送出去 ***[0m
[32m[2020-11-03 00:48:27,098] [INFO]- -- 资金账号 acc0 发出委托卖出 601258.SH 300 股，委托价为 2.83[0m
[32m[2020-11-03 00:48:27,175] [INFO]- handle_bar() @ 20160310[0m
[32m[2020-11-03 00:48:27,204] [INFO]- -- 资金账号 acc0 发出委托卖出 000540.SZ 300 股，委托价为 6.69[0m
[32m[2020-11-03 00:48:27,216] [INFO]- -- 资金账号 acc0 发出委托卖出 601258.SH 300 股，委托价为 2.79[0m
[32m[2020-11-03 00:48:27,281] [INFO]- -- 000540.SZ 的委托单 order_90587143 当前状态是 Status.NOT_TRADED[0m
[32m[2020-11-03 00:48:27,282] [INFO]- -- 601258.SH 的委托单 order_58137296 当前状态是 Status.NOT_TRADED[0m
[32m[2020-11-03 00:48:27,289] [INFO]- -- 000540.SZ 的委托单 order_90587143 当前状态是 Status.ALL_TRADED[0m
[32m[2020-11-03 00:48:27,290] [INFO]- -- 000540.SZ 的委托单 order_90587143 于 20160311 成交，成交价为 6.68[0m
[32m[2020-11-03 00:48:27,291] [INFO]- -- 000540.SZ 的委托单 order_90587143 已成交，如有必要请立即添加止损止盈[0m
[32m[2020-11-03 00:48:27,292] [INFO]- -- 601258.SH 的委托单 order_58137296 当前状态是 Status.ALL_TRADED[0m
[32m[2020-11-03 00:48:27,293] [INFO]- -- 601258.SH 的委托单 order_58137296 于 20160311 成交，成交价为 2.78[0m
[32m[2020-11-03 00:48:27,294] [INFO]- -- 601258.SH 的委托单 order_58137296 已成交，如有必要请立即添加止损止盈[0m
[32m[2020-11-03 00:48:27,298] [INFO]- handle_bar() @ 20160311[0m
[32m[2020-11-03 00:48:27,411] [INFO]- handle_bar() @ 20160314[0m
[32m[2020-11-03 00:48:27,449] [INFO]- -- 资金账号 acc0 发出委托卖出 000729.SZ 300 股，委托价为 6.94[0m
[32m[2020-11-03 00:48:27,512] [INFO]- -- 000729.SZ 的委托单 order_82701359 当前状态是 Status.NOT_TRADED[0m
[32m[2020-11-03 00:48:27,516] [INFO]- -- 000729.SZ 的委托单 order_82701359 当前状态是 Status.ALL_TRADED[0m
[32m[2020-11-03 00:48:27,518] [INFO]- -- 000729.SZ 的委托单 order_82701359 于 20160315 成交，成交价为 6.93[0m
[32m[2020-11-03 00:48:27,520] [INFO]- -- 000729.SZ 的委托单 order_82701359 已成交，如有必要请立即添加止损止盈[0m
[32m[2020-11-03 00:48:27,527] [INFO]- handle_bar() @ 20160315[0m
[32m[2020-11-03 00:48:27,537] [INFO]- -- 资金账号 acc0 发出委托卖出 000778.SZ 300 股，委托价为 5.33[0m
[32m[2020-11-03 00:48:27,545] [INFO]- -- 资金账号 acc0 发出委托卖出 601919.SH 300 股，委托价为 5.99[0m
[32m[2020-11-03 00:48:27,617] [INFO]- -- 000778.SZ 的委托单 order_32861470 当前状态是 Status.NOT_TRADED[0m
[32m[2020-11-03 00:48:27,619] [INFO]- -- 601919.SH 的委托单 order_69072514 当前状态是 Status.NOT_TRADED[0m
[32m[2020-11-03 00:48:27,623] [INFO]- -- 000778.SZ 的委托单 order_32861470 当前状态是 Status.ALL_TRADED[0m
[32m[2020-11-03 00:48:27,624] [INFO]- -- 000778.SZ 的委托单 order_32861470 于 20160316 成交，成交价为 5.33[0m
[32m[2020-11-03 00:48:27,625] [INFO]- -- 000778.SZ 的委托单 order_32861470 已成交，如有必要请立即添加止损止盈[0m
[32m[2020-11-03 00:48:27,626] [INFO]- -- 601919.SH 的委托单 order_69072514 当前状态是 Status.ALL_TRADED[0m
[32m[2020-11-03 00:48:27,627] [INFO]- -- 601919.SH 的委托单 order_69072514 于 20160316 成交，成交价为 6.02[0m
[32m[2020-11-03 00:48:27,628] [INFO]- -- 601919.SH 的委托单 order_69072514 已成交，如有必要请立即添加止损止盈[0m
[32m[2020-11-03 00:48:27,631] [INFO]- handle_bar() @ 20160316[0m
[32m[2020-11-03 00:48:27,689] [INFO]- -- 资金账号 acc0 发出委托买入 000729.SZ 300 股，委托价为 6.93[0m
